生成启动时间为 2014/11/23 19:19:58。
     1>项目“C:\Users\xiaobai\Downloads\curl-7.28.1\src\vc6curlsrc.vcxproj”在节点 2 上(build 个目标)。
     1>InitializeBuildStatus:
         正在创建“.\LIB-Release\curlsrc.unsuccessfulbuild”，因为已指定“AlwaysCreate”。
       ClCompile:
         D:\Program Files (x86)\Microsoft Visual Studio 10.0\VC\bin\CL.exe /c /I..\lib /I..\include /I. /Zi /nologo /W3 /WX- /O2 /Ob1 /Oy- /D WIN32 /D NDEBUG /D _CONSOLE /D CURL_STATICLIB /D _VC80_UPGRADE=0x0600 /D _MBCS /GF /Gm- /EHsc /MD /GS /Gy /fp:precise /Zc:wchar_t /Zc:forScope /Fo".\LIB-Release\\" /Fd".\LIB-Release\vc100.pdb" /Gd /TC /analyze- /errorReport:prompt hugehelp.c ..\lib\nonblock.c ..\lib\rawstr.c ..\lib\strtoofft.c tool_binmode.c tool_bname.c tool_cb_dbg.c tool_cb_hdr.c tool_cb_prg.c tool_cb_rea.c tool_cb_see.c tool_cb_wrt.c tool_cfgable.c tool_convert.c tool_dirhie.c tool_doswin.c tool_easysrc.c tool_formparse.c tool_getparam.c tool_getpass.c tool_help.c tool_helpers.c tool_homedir.c tool_libinfo.c tool_main.c tool_metalink.c tool_mfiles.c tool_msgs.c tool_operate.c tool_operhlp.c tool_panykey.c tool_paramhlp.c tool_parsecfg.c tool_setopt.c tool_sleep.c tool_urlglob.c tool_util.c tool_vms.c tool_writeenv.c tool_writeout.c tool_xattr.c
         hugehelp.c
         nonblock.c
         rawstr.c
         strtoofft.c
         tool_binmode.c
         tool_bname.c
         tool_cb_dbg.c
         tool_cb_hdr.c
         tool_cb_prg.c
         tool_cb_rea.c
         tool_cb_see.c
         tool_cb_wrt.c
         tool_cfgable.c
         tool_convert.c
         tool_dirhie.c
         tool_doswin.c
         tool_easysrc.c
         tool_formparse.c
         tool_getparam.c
         tool_getpass.c
         正在生成代码...
         正在编译...
         tool_help.c
         tool_helpers.c
         tool_homedir.c
         tool_libinfo.c
         tool_main.c
         tool_metalink.c
         tool_mfiles.c
         tool_msgs.c
         tool_operate.c
         tool_operhlp.c
         tool_panykey.c
         tool_paramhlp.c
         tool_parsecfg.c
         tool_setopt.c
         tool_sleep.c
         tool_urlglob.c
         tool_util.c
         tool_vms.c
         tool_writeenv.c
         tool_writeout.c
         正在生成代码...
         正在编译...
         tool_xattr.c
         正在生成代码...
       ResourceCompile:
         C:\Program Files (x86)\Microsoft SDKs\Windows\v7.0A\bin\rc.exe /D NDEBUG /D _VC80_UPGRADE=0x0600 /l"0x0409" /I..\include /nologo /fo".\LIB-Release\curl.res" curl.rc 
     1>C:\Program Files (x86)\MSBuild\Microsoft.Cpp\v4.0\Microsoft.CppBuild.targets(990,5): warning MSB8012: TargetPath(C:\Users\xiaobai\Downloads\curl-7.28.1\src\.\LIB-Release\curlsrc.exe) 与 Linker 的 OutputFile 属性值(C:\Users\xiaobai\Downloads\curl-7.28.1\src\LIB-Release\curl.exe)不匹配。这可能导致项目生成不正确。若要更正此问题，请确保 $(OutDir)、$(TargetName) 和 $(TargetExt) 属性值与 %(Link.OutputFile) 中指定的值匹配。
     1>C:\Program Files (x86)\MSBuild\Microsoft.Cpp\v4.0\Microsoft.CppBuild.targets(992,5): warning MSB8012: TargetName(curlsrc) 与 Linker 的 OutputFile 属性值(curl)不匹配。这可能导致项目生成不正确。若要更正此问题，请确保 $(OutDir)、$(TargetName) 和 $(TargetExt) 属性值与 %(Link.OutputFile) 中指定的值匹配。
       Link:
         D:\Program Files (x86)\Microsoft Visual Studio 10.0\VC\bin\link.exe /ERRORREPORT:PROMPT /OUT:"LIB-Release/curl.exe" /INCREMENTAL:NO /NOLOGO /LIBPATH:"..\lib\LIB-Release" libcurl.lib ws2_32.lib wldap32.lib kernel32.lib user32.lib gdi32.lib winspool.lib comdlg32.lib advapi32.lib shell32.lib ole32.lib oleaut32.lib uuid.lib odbc32.lib odbccp32.lib /MANIFEST /ManifestFile:".\LIB-Release\curlsrc.exe.intermediate.manifest" /MANIFESTUAC:"level='asInvoker' uiAccess='false'" /PDB:"C:\Users\xiaobai\Downloads\curl-7.28.1\src\LIB-Release\curlsrc.pdb" /SUBSYSTEM:CONSOLE /TLBID:1 /DYNAMICBASE /NXCOMPAT /IMPLIB:".\LIB-Release\curlsrc.lib" /MACHINE:X86 ".\LIB-Release\curl.res"
         ".\LIB-Release\hugehelp.obj"
         ".\LIB-Release\nonblock.obj"
         ".\LIB-Release\rawstr.obj"
         ".\LIB-Release\strtoofft.obj"
         ".\LIB-Release\tool_binmode.obj"
         ".\LIB-Release\tool_bname.obj"
         ".\LIB-Release\tool_cb_dbg.obj"
         ".\LIB-Release\tool_cb_hdr.obj"
         ".\LIB-Release\tool_cb_prg.obj"
         ".\LIB-Release\tool_cb_rea.obj"
         ".\LIB-Release\tool_cb_see.obj"
         ".\LIB-Release\tool_cb_wrt.obj"
         ".\LIB-Release\tool_cfgable.obj"
         ".\LIB-Release\tool_convert.obj"
         ".\LIB-Release\tool_dirhie.obj"
         ".\LIB-Release\tool_doswin.obj"
         ".\LIB-Release\tool_easysrc.obj"
         ".\LIB-Release\tool_formparse.obj"
         ".\LIB-Release\tool_getparam.obj"
         ".\LIB-Release\tool_getpass.obj"
         ".\LIB-Release\tool_help.obj"
         ".\LIB-Release\tool_helpers.obj"
         ".\LIB-Release\tool_homedir.obj"
         ".\LIB-Release\tool_libinfo.obj"
         ".\LIB-Release\tool_main.obj"
         ".\LIB-Release\tool_metalink.obj"
         ".\LIB-Release\tool_mfiles.obj"
         ".\LIB-Release\tool_msgs.obj"
         ".\LIB-Release\tool_operate.obj"
         ".\LIB-Release\tool_operhlp.obj"
         ".\LIB-Release\tool_panykey.obj"
         ".\LIB-Release\tool_paramhlp.obj"
         ".\LIB-Release\tool_parsecfg.obj"
         ".\LIB-Release\tool_setopt.obj"
         ".\LIB-Release\tool_sleep.obj"
         ".\LIB-Release\tool_urlglob.obj"
         ".\LIB-Release\tool_util.obj"
         ".\LIB-Release\tool_vms.obj"
         ".\LIB-Release\tool_writeenv.obj"
         ".\LIB-Release\tool_writeout.obj"
         ".\LIB-Release\tool_xattr.obj"
         vc6curlsrc.vcxproj -> C:\Users\xiaobai\Downloads\curl-7.28.1\src\.\LIB-Release\curlsrc.exe
       Manifest:
         C:\Program Files (x86)\Microsoft SDKs\Windows\v7.0A\bin\mt.exe /nologo /verbose /outputresource:"LIB-Release/curl.exe;#1" /manifest ".\LIB-Release\curlsrc.exe.intermediate.manifest"
       FinalizeBuildStatus:
         正在删除文件“.\LIB-Release\curlsrc.unsuccessfulbuild”。
         正在对“.\LIB-Release\curlsrc.lastbuildstate”执行 Touch 任务。
     1>已完成生成项目“C:\Users\xiaobai\Downloads\curl-7.28.1\src\vc6curlsrc.vcxproj”(build 个目标)的操作。

生成成功。

已用时间 00:00:07.14
