D:\users\xiaobai\documents\visual studio 2010\Projects\DesktopWeather\DuiLib\Build\Release\cl.command.1.tlog
D:\users\xiaobai\documents\visual studio 2010\Projects\DesktopWeather\DuiLib\Build\Release\CL.read.1.tlog
D:\users\xiaobai\documents\visual studio 2010\Projects\DesktopWeather\DuiLib\Build\Release\CL.write.1.tlog
D:\USERS\XIAOBAI\DOCUMENTS\VISUAL STUDIO 2010\PROJECTS\DESKTOPWEATHER\DUILIB\BUILD\RELEASE\DUILIB.PCH
D:\users\xiaobai\documents\visual studio 2010\Projects\DesktopWeather\DuiLib\Build\Release\DuiLib.vcxprojResolveAssemblyReference.cache
D:\users\xiaobai\documents\visual studio 2010\Projects\DesktopWeather\DuiLib\Build\Release\DuiLib.write.1.tlog
D:\users\xiaobai\documents\visual studio 2010\Projects\DesktopWeather\DuiLib\Build\Release\lib.command.1.tlog
D:\users\xiaobai\documents\visual studio 2010\Projects\DesktopWeather\DuiLib\Build\Release\Lib-link.read.1.tlog
D:\users\xiaobai\documents\visual studio 2010\Projects\DesktopWeather\DuiLib\Build\Release\Lib-link.write.1.tlog
D:\USERS\XIAOBAI\DOCUMENTS\VISUAL STUDIO 2010\PROJECTS\DESKTOPWEATHER\DUILIB\BUILD\RELEASE\STB_IMAGE.OBJ
D:\USERS\XIAOBAI\DOCUMENTS\VISUAL STUDIO 2010\PROJECTS\DESKTOPWEATHER\DUILIB\BUILD\RELEASE\STDAFX.OBJ
D:\USERS\XIAOBAI\DOCUMENTS\VISUAL STUDIO 2010\PROJECTS\DESKTOPWEATHER\DUILIB\BUILD\RELEASE\UIACTIVEX.OBJ
D:\USERS\XIAOBAI\DOCUMENTS\VISUAL STUDIO 2010\PROJECTS\DESKTOPWEATHER\DUILIB\BUILD\RELEASE\UIBASE.OBJ
D:\USERS\XIAOBAI\DOCUMENTS\VISUAL STUDIO 2010\PROJECTS\DESKTOPWEATHER\DUILIB\BUILD\RELEASE\UIBUTTON.OBJ
D:\USERS\XIAOBAI\DOCUMENTS\VISUAL STUDIO 2010\PROJECTS\DESKTOPWEATHER\DUILIB\BUILD\RELEASE\UICHECKBOX.OBJ
D:\USERS\XIAOBAI\DOCUMENTS\VISUAL STUDIO 2010\PROJECTS\DESKTOPWEATHER\DUILIB\BUILD\RELEASE\UICHILDLAYOUT.OBJ
D:\USERS\XIAOBAI\DOCUMENTS\VISUAL STUDIO 2010\PROJECTS\DESKTOPWEATHER\DUILIB\BUILD\RELEASE\UICOMBO.OBJ
D:\USERS\XIAOBAI\DOCUMENTS\VISUAL STUDIO 2010\PROJECTS\DESKTOPWEATHER\DUILIB\BUILD\RELEASE\UICOMBOBOX.OBJ
D:\USERS\XIAOBAI\DOCUMENTS\VISUAL STUDIO 2010\PROJECTS\DESKTOPWEATHER\DUILIB\BUILD\RELEASE\UICONTAINER.OBJ
D:\USERS\XIAOBAI\DOCUMENTS\VISUAL STUDIO 2010\PROJECTS\DESKTOPWEATHER\DUILIB\BUILD\RELEASE\UICONTROL.OBJ
D:\USERS\XIAOBAI\DOCUMENTS\VISUAL STUDIO 2010\PROJECTS\DESKTOPWEATHER\DUILIB\BUILD\RELEASE\UIDATETIME.OBJ
D:\USERS\XIAOBAI\DOCUMENTS\VISUAL STUDIO 2010\PROJECTS\DESKTOPWEATHER\DUILIB\BUILD\RELEASE\UIDELEGATE.OBJ
D:\USERS\XIAOBAI\DOCUMENTS\VISUAL STUDIO 2010\PROJECTS\DESKTOPWEATHER\DUILIB\BUILD\RELEASE\UIDLGBUILDER.OBJ
D:\USERS\XIAOBAI\DOCUMENTS\VISUAL STUDIO 2010\PROJECTS\DESKTOPWEATHER\DUILIB\BUILD\RELEASE\UIEDIT.OBJ
D:\USERS\XIAOBAI\DOCUMENTS\VISUAL STUDIO 2010\PROJECTS\DESKTOPWEATHER\DUILIB\BUILD\RELEASE\UIHORIZONTALLAYOUT.OBJ
D:\USERS\XIAOBAI\DOCUMENTS\VISUAL STUDIO 2010\PROJECTS\DESKTOPWEATHER\DUILIB\BUILD\RELEASE\UILABEL.OBJ
D:\USERS\XIAOBAI\DOCUMENTS\VISUAL STUDIO 2010\PROJECTS\DESKTOPWEATHER\DUILIB\BUILD\RELEASE\UILIB.OBJ
D:\USERS\XIAOBAI\DOCUMENTS\VISUAL STUDIO 2010\PROJECTS\DESKTOPWEATHER\DUILIB\BUILD\RELEASE\UILIST.OBJ
D:\USERS\XIAOBAI\DOCUMENTS\VISUAL STUDIO 2010\PROJECTS\DESKTOPWEATHER\DUILIB\BUILD\RELEASE\UIMANAGER.OBJ
D:\USERS\XIAOBAI\DOCUMENTS\VISUAL STUDIO 2010\PROJECTS\DESKTOPWEATHER\DUILIB\BUILD\RELEASE\UIMARKUP.OBJ
D:\USERS\XIAOBAI\DOCUMENTS\VISUAL STUDIO 2010\PROJECTS\DESKTOPWEATHER\DUILIB\BUILD\RELEASE\UIOPTION.OBJ
D:\USERS\XIAOBAI\DOCUMENTS\VISUAL STUDIO 2010\PROJECTS\DESKTOPWEATHER\DUILIB\BUILD\RELEASE\UIPROGRESS.OBJ
D:\USERS\XIAOBAI\DOCUMENTS\VISUAL STUDIO 2010\PROJECTS\DESKTOPWEATHER\DUILIB\BUILD\RELEASE\UIRENDER.OBJ
D:\USERS\XIAOBAI\DOCUMENTS\VISUAL STUDIO 2010\PROJECTS\DESKTOPWEATHER\DUILIB\BUILD\RELEASE\UIRICHEDIT.OBJ
D:\USERS\XIAOBAI\DOCUMENTS\VISUAL STUDIO 2010\PROJECTS\DESKTOPWEATHER\DUILIB\BUILD\RELEASE\UISCROLLBAR.OBJ
D:\USERS\XIAOBAI\DOCUMENTS\VISUAL STUDIO 2010\PROJECTS\DESKTOPWEATHER\DUILIB\BUILD\RELEASE\UISLIDER.OBJ
D:\USERS\XIAOBAI\DOCUMENTS\VISUAL STUDIO 2010\PROJECTS\DESKTOPWEATHER\DUILIB\BUILD\RELEASE\UITABLAYOUT.OBJ
D:\USERS\XIAOBAI\DOCUMENTS\VISUAL STUDIO 2010\PROJECTS\DESKTOPWEATHER\DUILIB\BUILD\RELEASE\UITEXT.OBJ
D:\USERS\XIAOBAI\DOCUMENTS\VISUAL STUDIO 2010\PROJECTS\DESKTOPWEATHER\DUILIB\BUILD\RELEASE\UITILELAYOUT.OBJ
D:\USERS\XIAOBAI\DOCUMENTS\VISUAL STUDIO 2010\PROJECTS\DESKTOPWEATHER\DUILIB\BUILD\RELEASE\UITREEVIEW.OBJ
D:\USERS\XIAOBAI\DOCUMENTS\VISUAL STUDIO 2010\PROJECTS\DESKTOPWEATHER\DUILIB\BUILD\RELEASE\UIVERTICALLAYOUT.OBJ
D:\USERS\XIAOBAI\DOCUMENTS\VISUAL STUDIO 2010\PROJECTS\DESKTOPWEATHER\DUILIB\BUILD\RELEASE\UIWEBBROWSER.OBJ
D:\USERS\XIAOBAI\DOCUMENTS\VISUAL STUDIO 2010\PROJECTS\DESKTOPWEATHER\DUILIB\BUILD\RELEASE\UTILS.OBJ
D:\USERS\XIAOBAI\DOCUMENTS\VISUAL STUDIO 2010\PROJECTS\DESKTOPWEATHER\DUILIB\BUILD\RELEASE\VC100.PDB
D:\USERS\XIAOBAI\DOCUMENTS\VISUAL STUDIO 2010\PROJECTS\DESKTOPWEATHER\DUILIB\BUILD\RELEASE\WINIMPLBASE.OBJ
D:\USERS\XIAOBAI\DOCUMENTS\VISUAL STUDIO 2010\PROJECTS\DESKTOPWEATHER\DUILIB\BUILD\RELEASE\XUNZIP.OBJ
D:\USERS\XIAOBAI\DOCUMENTS\VISUAL STUDIO 2010\PROJECTS\DESKTOPWEATHER\LIB\DUILIB.LIB
