D:\users\xiaobai\documents\visual studio 2010\Projects\DesktopWeather\Debug\cl.command.1.tlog
D:\users\xiaobai\documents\visual studio 2010\Projects\DesktopWeather\Debug\CL.read.1.tlog
D:\users\xiaobai\documents\visual studio 2010\Projects\DesktopWeather\Debug\CL.write.1.tlog
D:\users\xiaobai\documents\visual studio 2010\Projects\DesktopWeather\Debug\DuiLib.write.1.tlog
D:\users\xiaobai\documents\visual studio 2010\Projects\DesktopWeather\Debug\lib.command.1.tlog
D:\users\xiaobai\documents\visual studio 2010\Projects\DesktopWeather\Debug\Lib-link.read.1.tlog
D:\users\xiaobai\documents\visual studio 2010\Projects\DesktopWeather\Debug\Lib-link.write.1.tlog
D:\USERS\XIAOBAI\DOCUMENTS\VISUAL STUDIO 2010\PROJECTS\DESKTOPWEATHER\DEBUG\STB_IMAGE.OBJ
D:\USERS\XIAOBAI\DOCUMENTS\VISUAL STUDIO 2010\PROJECTS\DESKTOPWEATHER\DEBUG\STDAFX.OBJ
D:\USERS\XIAOBAI\DOCUMENTS\VISUAL STUDIO 2010\PROJECTS\DESKTOPWEATHER\DEBUG\UIACTIVEX.OBJ
D:\USERS\XIAOBAI\DOCUMENTS\VISUAL STUDIO 2010\PROJECTS\DESKTOPWEATHER\DEBUG\UIBASE.OBJ
D:\USERS\XIAOBAI\DOCUMENTS\VISUAL STUDIO 2010\PROJECTS\DESKTOPWEATHER\DEBUG\UIBUTTON.OBJ
D:\USERS\XIAOBAI\DOCUMENTS\VISUAL STUDIO 2010\PROJECTS\DESKTOPWEATHER\DEBUG\UICHECKBOX.OBJ
D:\USERS\XIAOBAI\DOCUMENTS\VISUAL STUDIO 2010\PROJECTS\DESKTOPWEATHER\DEBUG\UICHILDLAYOUT.OBJ
D:\USERS\XIAOBAI\DOCUMENTS\VISUAL STUDIO 2010\PROJECTS\DESKTOPWEATHER\DEBUG\UICOMBO.OBJ
D:\USERS\XIAOBAI\DOCUMENTS\VISUAL STUDIO 2010\PROJECTS\DESKTOPWEATHER\DEBUG\UICOMBOBOX.OBJ
D:\USERS\XIAOBAI\DOCUMENTS\VISUAL STUDIO 2010\PROJECTS\DESKTOPWEATHER\DEBUG\UICONTAINER.OBJ
D:\USERS\XIAOBAI\DOCUMENTS\VISUAL STUDIO 2010\PROJECTS\DESKTOPWEATHER\DEBUG\UICONTROL.OBJ
D:\USERS\XIAOBAI\DOCUMENTS\VISUAL STUDIO 2010\PROJECTS\DESKTOPWEATHER\DEBUG\UIDATETIME.OBJ
D:\USERS\XIAOBAI\DOCUMENTS\VISUAL STUDIO 2010\PROJECTS\DESKTOPWEATHER\DEBUG\UIDELEGATE.OBJ
D:\USERS\XIAOBAI\DOCUMENTS\VISUAL STUDIO 2010\PROJECTS\DESKTOPWEATHER\DEBUG\UIDLGBUILDER.OBJ
D:\USERS\XIAOBAI\DOCUMENTS\VISUAL STUDIO 2010\PROJECTS\DESKTOPWEATHER\DEBUG\UIEDIT.OBJ
D:\USERS\XIAOBAI\DOCUMENTS\VISUAL STUDIO 2010\PROJECTS\DESKTOPWEATHER\DEBUG\UIHORIZONTALLAYOUT.OBJ
D:\USERS\XIAOBAI\DOCUMENTS\VISUAL STUDIO 2010\PROJECTS\DESKTOPWEATHER\DEBUG\UILABEL.OBJ
D:\USERS\XIAOBAI\DOCUMENTS\VISUAL STUDIO 2010\PROJECTS\DESKTOPWEATHER\DEBUG\UILIB.OBJ
D:\USERS\XIAOBAI\DOCUMENTS\VISUAL STUDIO 2010\PROJECTS\DESKTOPWEATHER\DEBUG\UILIST.OBJ
D:\USERS\XIAOBAI\DOCUMENTS\VISUAL STUDIO 2010\PROJECTS\DESKTOPWEATHER\DEBUG\UIMANAGER.OBJ
D:\USERS\XIAOBAI\DOCUMENTS\VISUAL STUDIO 2010\PROJECTS\DESKTOPWEATHER\DEBUG\UIMARKUP.OBJ
D:\USERS\XIAOBAI\DOCUMENTS\VISUAL STUDIO 2010\PROJECTS\DESKTOPWEATHER\DEBUG\UIOPTION.OBJ
D:\USERS\XIAOBAI\DOCUMENTS\VISUAL STUDIO 2010\PROJECTS\DESKTOPWEATHER\DEBUG\UIPROGRESS.OBJ
D:\USERS\XIAOBAI\DOCUMENTS\VISUAL STUDIO 2010\PROJECTS\DESKTOPWEATHER\DEBUG\UIRENDER.OBJ
D:\USERS\XIAOBAI\DOCUMENTS\VISUAL STUDIO 2010\PROJECTS\DESKTOPWEATHER\DEBUG\UIRICHEDIT.OBJ
D:\USERS\XIAOBAI\DOCUMENTS\VISUAL STUDIO 2010\PROJECTS\DESKTOPWEATHER\DEBUG\UISCROLLBAR.OBJ
D:\USERS\XIAOBAI\DOCUMENTS\VISUAL STUDIO 2010\PROJECTS\DESKTOPWEATHER\DEBUG\UISLIDER.OBJ
D:\USERS\XIAOBAI\DOCUMENTS\VISUAL STUDIO 2010\PROJECTS\DESKTOPWEATHER\DEBUG\UITABLAYOUT.OBJ
D:\USERS\XIAOBAI\DOCUMENTS\VISUAL STUDIO 2010\PROJECTS\DESKTOPWEATHER\DEBUG\UITEXT.OBJ
D:\USERS\XIAOBAI\DOCUMENTS\VISUAL STUDIO 2010\PROJECTS\DESKTOPWEATHER\DEBUG\UITILELAYOUT.OBJ
D:\USERS\XIAOBAI\DOCUMENTS\VISUAL STUDIO 2010\PROJECTS\DESKTOPWEATHER\DEBUG\UITREEVIEW.OBJ
D:\USERS\XIAOBAI\DOCUMENTS\VISUAL STUDIO 2010\PROJECTS\DESKTOPWEATHER\DEBUG\UIVERTICALLAYOUT.OBJ
D:\USERS\XIAOBAI\DOCUMENTS\VISUAL STUDIO 2010\PROJECTS\DESKTOPWEATHER\DEBUG\UIWEBBROWSER.OBJ
D:\USERS\XIAOBAI\DOCUMENTS\VISUAL STUDIO 2010\PROJECTS\DESKTOPWEATHER\DEBUG\UTILS.OBJ
D:\users\xiaobai\documents\visual studio 2010\Projects\DesktopWeather\Debug\vc100.idb
D:\USERS\XIAOBAI\DOCUMENTS\VISUAL STUDIO 2010\PROJECTS\DESKTOPWEATHER\DEBUG\VC100.PDB
D:\USERS\XIAOBAI\DOCUMENTS\VISUAL STUDIO 2010\PROJECTS\DESKTOPWEATHER\DEBUG\WINIMPLBASE.OBJ
D:\USERS\XIAOBAI\DOCUMENTS\VISUAL STUDIO 2010\PROJECTS\DESKTOPWEATHER\DEBUG\XUNZIP.OBJ
D:\USERS\XIAOBAI\DOCUMENTS\VISUAL STUDIO 2010\PROJECTS\DESKTOPWEATHER\DUILIB\BUILD\DEBUG\DUILIB.PCH
D:\USERS\XIAOBAI\DOCUMENTS\VISUAL STUDIO 2010\PROJECTS\DESKTOPWEATHER\LIB\DUILIB_D.LIB
