D:\USERS\XIAOBAI\DOCUMENTS\VISUAL STUDIO 2010\PROJECTS\DESKTOPWEATHER\BIN\DESKTOPWEATHER_D.EXE
D:\USERS\XIAOBAI\DOCUMENTS\VISUAL STUDIO 2010\PROJECTS\DESKTOPWEATHER\BIN\DESKTOPWEATHER_D.ILK
D:\USERS\XIAOBAI\DOCUMENTS\VISUAL STUDIO 2010\PROJECTS\DESKTOPWEATHER\DEBUG\DESKTOPWEATHER.PDB
D:\users\xiaobai\documents\visual studio 2010\Projects\DesktopWeather\DesktopWeather\Debug\cl.command.1.tlog
D:\users\xiaobai\documents\visual studio 2010\Projects\DesktopWeather\DesktopWeather\Debug\CL.read.1.tlog
D:\users\xiaobai\documents\visual studio 2010\Projects\DesktopWeather\DesktopWeather\Debug\CL.write.1.tlog
D:\USERS\XIAOBAI\DOCUMENTS\VISUAL STUDIO 2010\PROJECTS\DESKTOPWEATHER\DESKTOPWEATHER\DEBUG\DESKTOPWEATHER.EXE.EMBED.MANIFEST
D:\USERS\XIAOBAI\DOCUMENTS\VISUAL STUDIO 2010\PROJECTS\DESKTOPWEATHER\DESKTOPWEATHER\DEBUG\DESKTOPWEATHER.EXE.EMBED.MANIFEST.RES
D:\USERS\XIAOBAI\DOCUMENTS\VISUAL STUDIO 2010\PROJECTS\DESKTOPWEATHER\DESKTOPWEATHER\DEBUG\DESKTOPWEATHER.EXE.INTERMEDIATE.MANIFEST
D:\USERS\XIAOBAI\DOCUMENTS\VISUAL STUDIO 2010\PROJECTS\DESKTOPWEATHER\DESKTOPWEATHER\DEBUG\DESKTOPWEATHER.OBJ
D:\USERS\XIAOBAI\DOCUMENTS\VISUAL STUDIO 2010\PROJECTS\DESKTOPWEATHER\DESKTOPWEATHER\DEBUG\DESKTOPWEATHER.PCH
D:\USERS\XIAOBAI\DOCUMENTS\VISUAL STUDIO 2010\PROJECTS\DESKTOPWEATHER\DESKTOPWEATHER\DEBUG\DESKTOPWEATHER.RES
D:\users\xiaobai\documents\visual studio 2010\Projects\DesktopWeather\DesktopWeather\Debug\DesktopWeather.vcxprojResolveAssemblyReference.cache
D:\users\xiaobai\documents\visual studio 2010\Projects\DesktopWeather\DesktopWeather\Debug\DesktopWeather.write.1.tlog
D:\users\xiaobai\documents\visual studio 2010\Projects\DesktopWeather\DesktopWeather\Debug\DesktopWeather_manifest.rc
D:\users\xiaobai\documents\visual studio 2010\Projects\DesktopWeather\DesktopWeather\Debug\link.1948.read.1.tlog
D:\users\xiaobai\documents\visual studio 2010\Projects\DesktopWeather\DesktopWeather\Debug\link.1948.write.1.tlog
D:\users\xiaobai\documents\visual studio 2010\Projects\DesktopWeather\DesktopWeather\Debug\link.2336.read.1.tlog
D:\users\xiaobai\documents\visual studio 2010\Projects\DesktopWeather\DesktopWeather\Debug\link.2336.write.1.tlog
D:\users\xiaobai\documents\visual studio 2010\Projects\DesktopWeather\DesktopWeather\Debug\link.2336-cvtres.read.1.tlog
D:\users\xiaobai\documents\visual studio 2010\Projects\DesktopWeather\DesktopWeather\Debug\link.2336-cvtres.write.1.tlog
D:\users\xiaobai\documents\visual studio 2010\Projects\DesktopWeather\DesktopWeather\Debug\link.4832.read.1.tlog
D:\users\xiaobai\documents\visual studio 2010\Projects\DesktopWeather\DesktopWeather\Debug\link.4832.write.1.tlog
D:\users\xiaobai\documents\visual studio 2010\Projects\DesktopWeather\DesktopWeather\Debug\link.4832-cvtres.read.1.tlog
D:\users\xiaobai\documents\visual studio 2010\Projects\DesktopWeather\DesktopWeather\Debug\link.4832-cvtres.write.1.tlog
D:\users\xiaobai\documents\visual studio 2010\Projects\DesktopWeather\DesktopWeather\Debug\link.5040.read.1.tlog
D:\users\xiaobai\documents\visual studio 2010\Projects\DesktopWeather\DesktopWeather\Debug\link.5040.write.1.tlog
D:\users\xiaobai\documents\visual studio 2010\Projects\DesktopWeather\DesktopWeather\Debug\link.5040-cvtres.read.1.tlog
D:\users\xiaobai\documents\visual studio 2010\Projects\DesktopWeather\DesktopWeather\Debug\link.5040-cvtres.write.1.tlog
D:\users\xiaobai\documents\visual studio 2010\Projects\DesktopWeather\DesktopWeather\Debug\link.5352.read.1.tlog
D:\users\xiaobai\documents\visual studio 2010\Projects\DesktopWeather\DesktopWeather\Debug\link.5352.write.1.tlog
D:\users\xiaobai\documents\visual studio 2010\Projects\DesktopWeather\DesktopWeather\Debug\link.5352-cvtres.read.1.tlog
D:\users\xiaobai\documents\visual studio 2010\Projects\DesktopWeather\DesktopWeather\Debug\link.5352-cvtres.write.1.tlog
D:\users\xiaobai\documents\visual studio 2010\Projects\DesktopWeather\DesktopWeather\Debug\link.6044.read.1.tlog
D:\users\xiaobai\documents\visual studio 2010\Projects\DesktopWeather\DesktopWeather\Debug\link.6044.write.1.tlog
D:\users\xiaobai\documents\visual studio 2010\Projects\DesktopWeather\DesktopWeather\Debug\link.6044-cvtres.read.1.tlog
D:\users\xiaobai\documents\visual studio 2010\Projects\DesktopWeather\DesktopWeather\Debug\link.6044-cvtres.write.1.tlog
D:\users\xiaobai\documents\visual studio 2010\Projects\DesktopWeather\DesktopWeather\Debug\link.7204.read.1.tlog
D:\users\xiaobai\documents\visual studio 2010\Projects\DesktopWeather\DesktopWeather\Debug\link.7204.write.1.tlog
D:\users\xiaobai\documents\visual studio 2010\Projects\DesktopWeather\DesktopWeather\Debug\link.7204-cvtres.read.1.tlog
D:\users\xiaobai\documents\visual studio 2010\Projects\DesktopWeather\DesktopWeather\Debug\link.7204-cvtres.write.1.tlog
D:\users\xiaobai\documents\visual studio 2010\Projects\DesktopWeather\DesktopWeather\Debug\link.7216.read.1.tlog
D:\users\xiaobai\documents\visual studio 2010\Projects\DesktopWeather\DesktopWeather\Debug\link.7216.write.1.tlog
D:\users\xiaobai\documents\visual studio 2010\Projects\DesktopWeather\DesktopWeather\Debug\link.7216-cvtres.read.1.tlog
D:\users\xiaobai\documents\visual studio 2010\Projects\DesktopWeather\DesktopWeather\Debug\link.7216-cvtres.write.1.tlog
D:\users\xiaobai\documents\visual studio 2010\Projects\DesktopWeather\DesktopWeather\Debug\link.8020.read.1.tlog
D:\users\xiaobai\documents\visual studio 2010\Projects\DesktopWeather\DesktopWeather\Debug\link.8020.write.1.tlog
D:\users\xiaobai\documents\visual studio 2010\Projects\DesktopWeather\DesktopWeather\Debug\link.8020-cvtres.read.1.tlog
D:\users\xiaobai\documents\visual studio 2010\Projects\DesktopWeather\DesktopWeather\Debug\link.8020-cvtres.write.1.tlog
D:\users\xiaobai\documents\visual studio 2010\Projects\DesktopWeather\DesktopWeather\Debug\link.8756.read.1.tlog
D:\users\xiaobai\documents\visual studio 2010\Projects\DesktopWeather\DesktopWeather\Debug\link.8756.write.1.tlog
D:\users\xiaobai\documents\visual studio 2010\Projects\DesktopWeather\DesktopWeather\Debug\link.8756-cvtres.read.1.tlog
D:\users\xiaobai\documents\visual studio 2010\Projects\DesktopWeather\DesktopWeather\Debug\link.8756-cvtres.write.1.tlog
D:\users\xiaobai\documents\visual studio 2010\Projects\DesktopWeather\DesktopWeather\Debug\link.command.1.tlog
D:\users\xiaobai\documents\visual studio 2010\Projects\DesktopWeather\DesktopWeather\Debug\link.read.1.tlog
D:\users\xiaobai\documents\visual studio 2010\Projects\DesktopWeather\DesktopWeather\Debug\link.write.1.tlog
D:\users\xiaobai\documents\visual studio 2010\Projects\DesktopWeather\DesktopWeather\Debug\link-cvtres.read.1.tlog
D:\users\xiaobai\documents\visual studio 2010\Projects\DesktopWeather\DesktopWeather\Debug\link-cvtres.write.1.tlog
D:\users\xiaobai\documents\visual studio 2010\Projects\DesktopWeather\DesktopWeather\Debug\mt.command.1.tlog
D:\users\xiaobai\documents\visual studio 2010\Projects\DesktopWeather\DesktopWeather\Debug\mt.read.1.tlog
D:\users\xiaobai\documents\visual studio 2010\Projects\DesktopWeather\DesktopWeather\Debug\mt.write.1.tlog
D:\users\xiaobai\documents\visual studio 2010\Projects\DesktopWeather\DesktopWeather\Debug\rc.command.1.tlog
D:\users\xiaobai\documents\visual studio 2010\Projects\DesktopWeather\DesktopWeather\Debug\rc.read.1.tlog
D:\users\xiaobai\documents\visual studio 2010\Projects\DesktopWeather\DesktopWeather\Debug\rc.write.1.tlog
D:\USERS\XIAOBAI\DOCUMENTS\VISUAL STUDIO 2010\PROJECTS\DESKTOPWEATHER\DESKTOPWEATHER\DEBUG\STDAFX.OBJ
D:\USERS\XIAOBAI\DOCUMENTS\VISUAL STUDIO 2010\PROJECTS\DESKTOPWEATHER\DESKTOPWEATHER\DEBUG\STRCODING.OBJ
D:\users\xiaobai\documents\visual studio 2010\Projects\DesktopWeather\DesktopWeather\Debug\vc100.idb
D:\USERS\XIAOBAI\DOCUMENTS\VISUAL STUDIO 2010\PROJECTS\DESKTOPWEATHER\DESKTOPWEATHER\DEBUG\VC100.PDB
