D:\USERS\XIAOBAI\DOCUMENTS\VISUAL STUDIO 2010\PROJECTS\DESKTOPWEATHER\BIN\DESKTOPWEATHER.EXE
D:\USERS\XIAOBAI\DOCUMENTS\VISUAL STUDIO 2010\PROJECTS\DESKTOPWEATHER\BIN\DESKTOPWEATHER.PDB
D:\users\xiaobai\documents\visual studio 2010\Projects\DesktopWeather\DesktopWeather\Release\cl.command.1.tlog
D:\users\xiaobai\documents\visual studio 2010\Projects\DesktopWeather\DesktopWeather\Release\CL.read.1.tlog
D:\users\xiaobai\documents\visual studio 2010\Projects\DesktopWeather\DesktopWeather\Release\CL.write.1.tlog
D:\USERS\XIAOBAI\DOCUMENTS\VISUAL STUDIO 2010\PROJECTS\DESKTOPWEATHER\DESKTOPWEATHER\RELEASE\DESKTOPWEATHER.EXE.INTERMEDIATE.MANIFEST
D:\USERS\XIAOBAI\DOCUMENTS\VISUAL STUDIO 2010\PROJECTS\DESKTOPWEATHER\DESKTOPWEATHER\RELEASE\DESKTOPWEATHER.OBJ
D:\USERS\XIAOBAI\DOCUMENTS\VISUAL STUDIO 2010\PROJECTS\DESKTOPWEATHER\DESKTOPWEATHER\RELEASE\DESKTOPWEATHER.PCH
D:\USERS\XIAOBAI\DOCUMENTS\VISUAL STUDIO 2010\PROJECTS\DESKTOPWEATHER\DESKTOPWEATHER\RELEASE\DESKTOPWEATHER.RES
D:\users\xiaobai\documents\visual studio 2010\Projects\DesktopWeather\DesktopWeather\Release\DesktopWeather.vcxprojResolveAssemblyReference.cache
D:\users\xiaobai\documents\visual studio 2010\Projects\DesktopWeather\DesktopWeather\Release\DesktopWeather.write.1.tlog
D:\users\xiaobai\documents\visual studio 2010\Projects\DesktopWeather\DesktopWeather\Release\link.command.1.tlog
D:\users\xiaobai\documents\visual studio 2010\Projects\DesktopWeather\DesktopWeather\Release\link.read.1.tlog
D:\users\xiaobai\documents\visual studio 2010\Projects\DesktopWeather\DesktopWeather\Release\link.write.1.tlog
D:\users\xiaobai\documents\visual studio 2010\Projects\DesktopWeather\DesktopWeather\Release\link-cvtres.read.1.tlog
D:\users\xiaobai\documents\visual studio 2010\Projects\DesktopWeather\DesktopWeather\Release\link-cvtres.write.1.tlog
D:\users\xiaobai\documents\visual studio 2010\Projects\DesktopWeather\DesktopWeather\Release\mt.command.1.tlog
D:\users\xiaobai\documents\visual studio 2010\Projects\DesktopWeather\DesktopWeather\Release\mt.read.1.tlog
D:\users\xiaobai\documents\visual studio 2010\Projects\DesktopWeather\DesktopWeather\Release\mt.write.1.tlog
D:\users\xiaobai\documents\visual studio 2010\Projects\DesktopWeather\DesktopWeather\Release\rc.command.1.tlog
D:\users\xiaobai\documents\visual studio 2010\Projects\DesktopWeather\DesktopWeather\Release\rc.read.1.tlog
D:\users\xiaobai\documents\visual studio 2010\Projects\DesktopWeather\DesktopWeather\Release\rc.write.1.tlog
D:\USERS\XIAOBAI\DOCUMENTS\VISUAL STUDIO 2010\PROJECTS\DESKTOPWEATHER\DESKTOPWEATHER\RELEASE\STDAFX.OBJ
D:\USERS\XIAOBAI\DOCUMENTS\VISUAL STUDIO 2010\PROJECTS\DESKTOPWEATHER\DESKTOPWEATHER\RELEASE\STRCODING.OBJ
D:\USERS\XIAOBAI\DOCUMENTS\VISUAL STUDIO 2010\PROJECTS\DESKTOPWEATHER\DESKTOPWEATHER\RELEASE\VC100.PDB
