生成启动时间为 2014/11/23 19:20:26。
     1>项目“C:\Users\xiaobai\Downloads\curl-7.28.1\src\vc6curlsrc.vcxproj”在节点 2 上(build 个目标)。
     1>PrepareForBuild:
         正在创建目录“C:\Users\xiaobai\Downloads\curl-7.28.1\Template\”。
       InitializeBuildStatus:
         正在创建“Template\curlsrc.unsuccessfulbuild”，因为已指定“AlwaysCreate”。
       ClCompile:
         D:\Program Files (x86)\Microsoft Visual Studio 10.0\VC\bin\CL.exe /c /Zi /nologo /W1 /WX- /O2 /Oy- /Gm- /EHsc /MD /GS /fp:precise /Zc:wchar_t /Zc:forScope /Fo"Template\\" /Fd"Template\vc100.pdb" /Gd /TC /analyze- /errorReport:prompt hugehelp.c ..\lib\nonblock.c ..\lib\rawstr.c ..\lib\strtoofft.c tool_binmode.c tool_bname.c tool_cb_dbg.c tool_cb_hdr.c tool_cb_prg.c tool_cb_rea.c tool_cb_see.c tool_cb_wrt.c tool_cfgable.c tool_convert.c tool_dirhie.c tool_doswin.c tool_easysrc.c tool_formparse.c tool_getparam.c tool_getpass.c tool_help.c tool_helpers.c tool_homedir.c tool_libinfo.c tool_main.c tool_metalink.c tool_mfiles.c tool_msgs.c tool_operate.c tool_operhlp.c tool_panykey.c tool_paramhlp.c tool_parsecfg.c tool_setopt.c tool_sleep.c tool_urlglob.c tool_util.c tool_vms.c tool_writeenv.c tool_writeout.c tool_xattr.c
         hugehelp.c
     1>c:\users\xiaobai\downloads\curl-7.28.1\src\tool_setup.h(36): fatal error C1083: 无法打开包括文件:“setup.h”: No such file or directory
         nonblock.c
     1>c:\users\xiaobai\downloads\curl-7.28.1\lib\setup.h(125): fatal error C1083: 无法打开包括文件:“curl/curlbuild.h”: No such file or directory
         rawstr.c
     1>c:\users\xiaobai\downloads\curl-7.28.1\lib\setup.h(125): fatal error C1083: 无法打开包括文件:“curl/curlbuild.h”: No such file or directory
         strtoofft.c
     1>c:\users\xiaobai\downloads\curl-7.28.1\lib\setup.h(125): fatal error C1083: 无法打开包括文件:“curl/curlbuild.h”: No such file or directory
         tool_binmode.c
     1>c:\users\xiaobai\downloads\curl-7.28.1\src\tool_setup.h(36): fatal error C1083: 无法打开包括文件:“setup.h”: No such file or directory
         tool_bname.c
     1>c:\users\xiaobai\downloads\curl-7.28.1\src\tool_setup.h(36): fatal error C1083: 无法打开包括文件:“setup.h”: No such file or directory
         tool_cb_dbg.c
     1>c:\users\xiaobai\downloads\curl-7.28.1\src\tool_setup.h(36): fatal error C1083: 无法打开包括文件:“setup.h”: No such file or directory
         tool_cb_hdr.c
     1>c:\users\xiaobai\downloads\curl-7.28.1\src\tool_setup.h(36): fatal error C1083: 无法打开包括文件:“setup.h”: No such file or directory
         tool_cb_prg.c
     1>c:\users\xiaobai\downloads\curl-7.28.1\src\tool_setup.h(36): fatal error C1083: 无法打开包括文件:“setup.h”: No such file or directory
         tool_cb_rea.c
     1>c:\users\xiaobai\downloads\curl-7.28.1\src\tool_setup.h(36): fatal error C1083: 无法打开包括文件:“setup.h”: No such file or directory
         tool_cb_see.c
     1>c:\users\xiaobai\downloads\curl-7.28.1\src\tool_setup.h(36): fatal error C1083: 无法打开包括文件:“setup.h”: No such file or directory
         tool_cb_wrt.c
     1>c:\users\xiaobai\downloads\curl-7.28.1\src\tool_setup.h(36): fatal error C1083: 无法打开包括文件:“setup.h”: No such file or directory
         tool_cfgable.c
     1>c:\users\xiaobai\downloads\curl-7.28.1\src\tool_setup.h(36): fatal error C1083: 无法打开包括文件:“setup.h”: No such file or directory
         tool_convert.c
     1>c:\users\xiaobai\downloads\curl-7.28.1\src\tool_setup.h(36): fatal error C1083: 无法打开包括文件:“setup.h”: No such file or directory
         tool_dirhie.c
     1>c:\users\xiaobai\downloads\curl-7.28.1\src\tool_setup.h(36): fatal error C1083: 无法打开包括文件:“setup.h”: No such file or directory
         tool_doswin.c
     1>c:\users\xiaobai\downloads\curl-7.28.1\src\tool_setup.h(36): fatal error C1083: 无法打开包括文件:“setup.h”: No such file or directory
         tool_easysrc.c
     1>c:\users\xiaobai\downloads\curl-7.28.1\src\tool_setup.h(36): fatal error C1083: 无法打开包括文件:“setup.h”: No such file or directory
         tool_formparse.c
     1>c:\users\xiaobai\downloads\curl-7.28.1\src\tool_setup.h(36): fatal error C1083: 无法打开包括文件:“setup.h”: No such file or directory
         tool_getparam.c
     1>c:\users\xiaobai\downloads\curl-7.28.1\src\tool_setup.h(36): fatal error C1083: 无法打开包括文件:“setup.h”: No such file or directory
         tool_getpass.c
     1>c:\users\xiaobai\downloads\curl-7.28.1\src\tool_setup.h(36): fatal error C1083: 无法打开包括文件:“setup.h”: No such file or directory
         正在生成代码...
         正在编译...
         tool_help.c
     1>c:\users\xiaobai\downloads\curl-7.28.1\src\tool_setup.h(36): fatal error C1083: 无法打开包括文件:“setup.h”: No such file or directory
         tool_helpers.c
     1>c:\users\xiaobai\downloads\curl-7.28.1\src\tool_setup.h(36): fatal error C1083: 无法打开包括文件:“setup.h”: No such file or directory
         tool_homedir.c
     1>c:\users\xiaobai\downloads\curl-7.28.1\src\tool_setup.h(36): fatal error C1083: 无法打开包括文件:“setup.h”: No such file or directory
         tool_libinfo.c
     1>c:\users\xiaobai\downloads\curl-7.28.1\src\tool_setup.h(36): fatal error C1083: 无法打开包括文件:“setup.h”: No such file or directory
         tool_main.c
     1>c:\users\xiaobai\downloads\curl-7.28.1\src\tool_setup.h(36): fatal error C1083: 无法打开包括文件:“setup.h”: No such file or directory
         tool_metalink.c
     1>c:\users\xiaobai\downloads\curl-7.28.1\src\tool_setup.h(36): fatal error C1083: 无法打开包括文件:“setup.h”: No such file or directory
         tool_mfiles.c
     1>c:\users\xiaobai\downloads\curl-7.28.1\src\tool_setup.h(36): fatal error C1083: 无法打开包括文件:“setup.h”: No such file or directory
         tool_msgs.c
     1>c:\users\xiaobai\downloads\curl-7.28.1\src\tool_setup.h(36): fatal error C1083: 无法打开包括文件:“setup.h”: No such file or directory
         tool_operate.c
     1>c:\users\xiaobai\downloads\curl-7.28.1\src\tool_setup.h(36): fatal error C1083: 无法打开包括文件:“setup.h”: No such file or directory
         tool_operhlp.c
     1>c:\users\xiaobai\downloads\curl-7.28.1\src\tool_setup.h(36): fatal error C1083: 无法打开包括文件:“setup.h”: No such file or directory
         tool_panykey.c
     1>c:\users\xiaobai\downloads\curl-7.28.1\src\tool_setup.h(36): fatal error C1083: 无法打开包括文件:“setup.h”: No such file or directory
         tool_paramhlp.c
     1>c:\users\xiaobai\downloads\curl-7.28.1\src\tool_setup.h(36): fatal error C1083: 无法打开包括文件:“setup.h”: No such file or directory
         tool_parsecfg.c
     1>c:\users\xiaobai\downloads\curl-7.28.1\src\tool_setup.h(36): fatal error C1083: 无法打开包括文件:“setup.h”: No such file or directory
         tool_setopt.c
     1>c:\users\xiaobai\downloads\curl-7.28.1\src\tool_setup.h(36): fatal error C1083: 无法打开包括文件:“setup.h”: No such file or directory
         tool_sleep.c
     1>c:\users\xiaobai\downloads\curl-7.28.1\src\tool_setup.h(36): fatal error C1083: 无法打开包括文件:“setup.h”: No such file or directory
         tool_urlglob.c
     1>c:\users\xiaobai\downloads\curl-7.28.1\src\tool_setup.h(36): fatal error C1083: 无法打开包括文件:“setup.h”: No such file or directory
         tool_util.c
     1>c:\users\xiaobai\downloads\curl-7.28.1\src\tool_setup.h(36): fatal error C1083: 无法打开包括文件:“setup.h”: No such file or directory
         tool_vms.c
     1>c:\users\xiaobai\downloads\curl-7.28.1\src\tool_setup.h(36): fatal error C1083: 无法打开包括文件:“setup.h”: No such file or directory
         tool_writeenv.c
     1>c:\users\xiaobai\downloads\curl-7.28.1\src\tool_setup.h(36): fatal error C1083: 无法打开包括文件:“setup.h”: No such file or directory
         tool_writeout.c
     1>c:\users\xiaobai\downloads\curl-7.28.1\src\tool_setup.h(36): fatal error C1083: 无法打开包括文件:“setup.h”: No such file or directory
         正在生成代码...
         正在编译...
         tool_xattr.c
     1>c:\users\xiaobai\downloads\curl-7.28.1\src\tool_setup.h(36): fatal error C1083: 无法打开包括文件:“setup.h”: No such file or directory
         正在生成代码...
     1>已完成生成项目“C:\Users\xiaobai\Downloads\curl-7.28.1\src\vc6curlsrc.vcxproj”(build 个目标)的操作 - 失败。

生成失败。

已用时间 00:00:00.43
